TN:
SF:src/modules/appointments/services/CreateAppointmentService.ts
FN:13,(anonymous_5)
FN:18,(anonymous_6)
FNF:2
FNH:2
FNDA:2,(anonymous_5)
FNDA:3,(anonymous_6)
DA:1,1
DA:2,1
DA:3,1
DA:12,1
DA:15,2
DA:19,3
DA:21,3
DA:24,3
DA:25,1
DA:28,2
DA:32,2
DA:36,1
LF:12
LH:12
BRDA:24,0,0,1
BRDA:24,0,1,2
BRF:2
BRH:2
end_of_record
TN:
SF:src/modules/users/services/AuthenticateUserService.ts
FN:21,(anonymous_5)
FN:28,(anonymous_6)
FNF:2
FNH:2
FNDA:3,(anonymous_5)
FNDA:3,(anonymous_6)
DA:1,1
DA:2,1
DA:4,1
DA:5,1
DA:20,1
DA:23,3
DA:25,3
DA:29,3
DA:31,3
DA:32,1
DA:34,2
DA:39,2
DA:40,1
DA:43,1
DA:45,1
DA:49,1
DA:56,1
LF:17
LH:17
BRDA:31,0,0,1
BRDA:31,0,1,2
BRDA:39,1,0,1
BRDA:39,1,1,1
BRF:4
BRH:4
end_of_record
TN:
SF:src/modules/users/services/CreateUserService.ts
FN:15,(anonymous_5)
FN:22,(anonymous_6)
FNF:2
FNH:2
FNDA:4,(anonymous_5)
FNDA:5,(anonymous_6)
DA:1,2
DA:3,2
DA:14,2
DA:17,4
DA:19,4
DA:27,5
DA:28,5
DA:29,1
DA:32,4
DA:33,4
DA:38,4
DA:42,2
LF:12
LH:12
BRDA:28,0,0,1
BRDA:28,0,1,4
BRF:2
BRH:2
end_of_record
TN:
SF:src/modules/users/services/UpdateUserAvatarService.ts
FN:18,(anonymous_5)
FN:25,(anonymous_6)
FNF:2
FNH:2
FNDA:3,(anonymous_5)
FNDA:4,(anonymous_6)
DA:3,1
DA:6,1
DA:17,1
DA:20,3
DA:22,3
DA:26,4
DA:28,4
DA:29,1
DA:34,3
DA:35,1
DA:37,3
DA:39,3
DA:41,3
DA:43,3
DA:46,1
LF:15
LH:15
BRDA:28,0,0,1
BRDA:28,0,1,3
BRDA:34,1,0,1
BRDA:34,1,1,2
BRF:4
BRH:4
end_of_record
